
LICENSE SYSTEM [2018213 15:16:2] Next license update check is after 2018-01-20T02:00:00

Built from '5.6/release' branch; Version is '5.6.2f1 (a2913c821e27) revision 10654012'; Using compiler version '160040219'
OS: 'Windows 10  (10.0.0) 64bit' Language: 'en' Physical Memory: 8127 MB
BatchMode: 0, IsHumanControllingUs: 1, StartBugReporterOnCrash: 1, Is64bit: 1, IsPro: 0
Initialize mono
Mono path[0] = 'C:/Program Files/Unity 5.6.2/Editor/Data/Managed'
Mono path[1] = 'C:/Program Files/Unity 5.6.2/Editor/Data/Mono/lib/mono/2.0'
Mono path[2] = 'C:/Program Files/Unity 5.6.2/Editor/Data/UnityScript'
Mono config path = 'C:/Program Files/Unity 5.6.2/Editor/Data/Mono/etc'
Using monoOptions --debugger-agent=transport=dt_socket,embedding=1,defer=y,address=0.0.0.0:56780

 COMMAND LINE ARGUMENTS:

C:\Program Files\Unity 5.6.2\Editor\Unity.exe
-projectpath
C:\Users\ExtraButter23\Documents\Calcflow
-logFile
.\batchlog.log
-buildWindows64Player
-executeMethod
UnitTestBegin.BeginTests
Successfully changed project path to: C:\Users\ExtraButter23\Documents\Calcflow
IsTimeToCheckForNewEditor: Update time 1518566925 current 1518563763
C:/Users/ExtraButter23/Documents/Calcflow
Loading GUID <-> Path mappings...0.000060 seconds
Loading Asset Database...0.015550 seconds
Audio: FMOD Profiler initialized on port 54900
AssetDatabase consistency checks...0.029926 seconds
Initialize engine version: 5.6.2f1 (a2913c821e27)
GfxDevice: creating device client; threaded=1
Refreshing native plugins compatible for Editor in 11.43 ms, found 6 plugins.
d3d11: failed to create device and context (887a0005).
GfxDevice: creating device client; threaded=1
d3d: no support for this device type (accelerated/ref)
GfxDevice: creating device client; threaded=1
d3d11: failed to create device and context (887a0005).
GfxDevice: creating device client; threaded=1
d3d11: failed to create device and context (887a0005).
GfxDevice: creating device client; threaded=1
d3d: no support for this device type (accelerated/ref)
Failed to initialize Direct3D.
Make sure you have at least DirectX 9.0c installed, have drivers for your
graphics card and have not disabled 3D acceleration
in display settings.
Failed to initialize unity graphics.
 
(Filename: C:/buildslave/unity/build/Editor/Src/Application.cpp Line: 832)

